2024-01-30T08:37:26.520Z [online-job-service] info: Server running in development mode on port 4001
2024-01-30T08:37:56.629Z [online-job-service] error: Error connecting to MongoDB: Could not connect to any servers in your MongoDB Atlas cluster. One common reason is that you're trying to access the database from an IP that isn't whitelisted. Make sure your current IP address is on your Atlas cluster's IP whitelist: https://www.mongodb.com/docs/atlas/security-whitelist/
2024-01-30T08:40:41.787Z [online-job-service] info: Server running in development mode on port 4001
2024-01-30T08:41:11.907Z [online-job-service] error: Error connecting to MongoDB: Could not connect to any servers in your MongoDB Atlas cluster. One common reason is that you're trying to access the database from an IP that isn't whitelisted. Make sure your current IP address is on your Atlas cluster's IP whitelist: https://www.mongodb.com/docs/atlas/security-whitelist/
2024-01-30T08:44:16.026Z [online-job-service] info: Server running in development mode on port 4001
2024-01-30T08:44:46.140Z [online-job-service] error: Error connecting to MongoDB: Could not connect to any servers in your MongoDB Atlas cluster. One common reason is that you're trying to access the database from an IP that isn't whitelisted. Make sure your current IP address is on your Atlas cluster's IP whitelist: https://www.mongodb.com/docs/atlas/security-whitelist/
2024-01-30T08:51:15.289Z [online-job-service] info: Server running in undefined mode on port undefined
2024-01-30T08:52:00.161Z [online-job-service] info: Server running in development mode on port 4001
2024-01-30T08:52:30.284Z [online-job-service] error: Error connecting to MongoDB: Could not connect to any servers in your MongoDB Atlas cluster. One common reason is that you're trying to access the database from an IP that isn't whitelisted. Make sure your current IP address is on your Atlas cluster's IP whitelist: https://www.mongodb.com/docs/atlas/security-whitelist/
2024-01-30T08:52:46.529Z [online-job-service] info: Server running in development mode on port 4001
2024-01-30T08:52:47.254Z [online-job-service] info: Connected to MongoDB
2024-01-30T09:40:30.324Z [online-job-service] info: Server running in development mode on port 4001
2024-01-30T09:40:31.187Z [online-job-service] info: Connected to MongoDB
2024-01-30T09:44:28.888Z [online-job-service] info: Entering /api/job/track
2024-01-30T09:44:29.386Z [online-job-service] error: Error while retrivig the email id list: AxiosError: Request failed with status code 401
2024-01-30T09:44:29.389Z [online-job-service] error: Error while retrivig the email messages: TypeError: Cannot read properties of undefined (reading 'messages')
2024-01-30T09:44:29.391Z [online-job-service] error: Error while building job application details: TypeError: messageObjects is not iterable
2024-01-30T09:44:29.392Z [online-job-service] error: erroMessage is not defined
2024-01-30T09:46:49.994Z [online-job-service] info: Entering /api/job/track
2024-01-30T09:46:50.545Z [online-job-service] info: Job applications saved successfully
2024-01-30T09:46:50.684Z [online-job-service] info: application retrived successfully
2024-01-30T09:48:55.960Z [online-job-service] info: Entering /api/job/track
2024-01-30T09:52:50.912Z [online-job-service] info: Entering /api/job/track
2024-01-30T10:23:14.904Z [online-job-service] info: Entering /api/job/track
2024-01-30T10:23:14.911Z [online-job-service] info: Entering /api/job/track
2024-01-30T10:29:13.941Z [online-job-service] info: Entering /api/job/track
2024-01-30T10:34:38.795Z [online-job-service] info: Entering /api/job/track
2024-01-30T10:34:39.117Z [online-job-service] error: Error while refreshing token: AxiosError: Request failed with status code 500
2024-01-30T10:35:09.131Z [online-job-service] error: Error while getting job applications from database: MongoServerSelectionError: C09EB1E501000000:error:0A000438:SSL routines:ssl3_read_bytes:tlsv1 alert internal error:ssl/record/rec_layer_s3.c:1586:SSL alert number 80

2024-01-30T10:35:09.385Z [online-job-service] error: Error while retrivig the email id list: AxiosError: Request failed with status code 401
2024-01-30T10:35:09.386Z [online-job-service] error: Error while retrivig the email messages: TypeError: Cannot read properties of undefined (reading 'messages')
2024-01-30T10:35:09.387Z [online-job-service] error: Error while building job application details: TypeError: messageObjects is not iterable
2024-01-30T10:35:09.388Z [online-job-service] error: erroMessage is not defined
2024-01-30T10:36:03.487Z [online-job-service] info: Entering /api/job/track
2024-01-30T10:36:33.743Z [online-job-service] error: Error while getting job applications from database: MongoServerSelectionError: C09EB1E501000000:error:0A000438:SSL routines:ssl3_read_bytes:tlsv1 alert internal error:ssl/record/rec_layer_s3.c:1586:SSL alert number 80

2024-01-30T10:36:34.005Z [online-job-service] error: Error while retrivig the email id list: AxiosError: Request failed with status code 401
2024-01-30T10:36:34.007Z [online-job-service] error: Error while retrivig the email messages: TypeError: Cannot read properties of undefined (reading 'messages')
2024-01-30T10:36:34.007Z [online-job-service] error: Error while building job application details: TypeError: messageObjects is not iterable
2024-01-30T10:36:34.007Z [online-job-service] error: erroMessage is not defined
2024-01-30T10:37:09.170Z [online-job-service] info: Server running in development mode on port 4001
2024-01-30T10:37:39.323Z [online-job-service] error: Error connecting to MongoDB: Could not connect to any servers in your MongoDB Atlas cluster. One common reason is that you're trying to access the database from an IP that isn't whitelisted. Make sure your current IP address is on your Atlas cluster's IP whitelist: https://www.mongodb.com/docs/atlas/security-whitelist/
2024-01-30T10:38:25.416Z [online-job-service] info: Server running in development mode on port 4001
2024-01-30T10:38:26.180Z [online-job-service] info: Connected to MongoDB
2024-01-30T10:40:05.164Z [online-job-service] info: Entering /api/job/track
2024-01-30T10:40:05.756Z [online-job-service] info: Job applications saved successfully
2024-01-30T10:40:05.880Z [online-job-service] info: application retrived successfully
2024-01-30T10:43:49.488Z [online-job-service] info: Server running in development mode on port 4001
2024-01-30T10:43:50.359Z [online-job-service] info: Connected to MongoDB
2024-01-30T10:44:02.298Z [online-job-service] info: Server running in development mode on port 4001
2024-01-30T10:44:02.984Z [online-job-service] info: Connected to MongoDB
2024-01-30T10:44:58.211Z [online-job-service] info: Server running in development mode on port 4001
2024-01-30T10:44:58.923Z [online-job-service] info: Connected to MongoDB
2024-01-30T10:46:15.913Z [online-job-service] info: Server running in development mode on port 4001
2024-01-30T10:46:16.642Z [online-job-service] info: Connected to MongoDB
2024-01-30T10:46:20.541Z [online-job-service] info: Entering /api/job/track
2024-01-30T10:46:21.263Z [online-job-service] info: Job applications saved successfully
2024-01-30T10:46:21.373Z [online-job-service] info: application retrived successfully
2024-01-30T12:12:01.076Z [online-job-service] info: Entering /api/job/track
2024-01-30T12:12:07.049Z [online-job-service] info: Entering /api/job/track
2024-01-30T12:12:08.046Z [online-job-service] info: Entering /api/job/track
2024-01-30T12:14:08.533Z [online-job-service] info: Entering /api/job/track
2024-01-30T12:14:08.897Z [online-job-service] error: Error while refreshing token: AxiosError: Request failed with status code 500
2024-01-30T12:14:09.617Z [online-job-service] error: Error while retrivig the email id list: AxiosError: Request failed with status code 401
2024-01-30T12:14:09.618Z [online-job-service] error: Error while retrivig the email messages: TypeError: Cannot read properties of undefined (reading 'messages')
2024-01-30T12:14:09.618Z [online-job-service] error: Error while building job application details: TypeError: messageObjects is not iterable
2024-01-30T12:14:09.619Z [online-job-service] error: erroMessage is not defined
2024-01-30T12:14:40.105Z [online-job-service] info: Entering /api/job/track
2024-01-30T12:14:40.761Z [online-job-service] info: Job applications saved successfully
2024-01-30T12:14:40.882Z [online-job-service] info: application retrived successfully
2024-01-30T12:15:01.296Z [online-job-service] info: Entering /api/job/track
2024-01-30T12:15:01.302Z [online-job-service] info: Entering /api/job/track
2024-01-30T12:15:42.434Z [online-job-service] info: Server running in development mode on port 4001
2024-01-30T12:15:43.265Z [online-job-service] info: Connected to MongoDB
2024-01-30T12:15:52.880Z [online-job-service] info: Entering /api/job/track
2024-01-30T12:15:52.885Z [online-job-service] info: Entering /api/job/track
2024-01-30T12:17:35.761Z [online-job-service] info: Entering /api/job/track
2024-01-30T12:17:36.296Z [online-job-service] info: Job applications saved successfully
2024-01-30T12:17:36.429Z [online-job-service] info: application retrived successfully
2024-01-30T12:18:11.312Z [online-job-service] info: Entering /api/job/track
2024-01-30T12:18:11.718Z [online-job-service] info: Job applications saved successfully
2024-01-30T12:18:11.847Z [online-job-service] info: application retrived successfully
2024-01-30T12:20:49.003Z [online-job-service] info: Server running in development mode on port 4001
2024-01-30T12:20:49.783Z [online-job-service] info: Connected to MongoDB
2024-01-30T12:20:57.044Z [online-job-service] info: Server running in development mode on port 4001
2024-01-30T12:20:57.789Z [online-job-service] info: Connected to MongoDB
2024-01-30T12:26:42.646Z [online-job-service] info: Entering /api/job/track
2024-01-30T12:26:42.665Z [online-job-service] info: Entering /api/job/track
2024-01-30T12:28:11.609Z [online-job-service] info: Entering /api/job/track
2024-01-30T12:28:11.613Z [online-job-service] info: Entering /api/job/track
2024-01-30T12:31:21.387Z [online-job-service] info: Entering /api/job/track
2024-01-30T12:31:21.408Z [online-job-service] info: Entering /api/job/track
2024-01-30T12:33:25.656Z [online-job-service] info: Entering /api/job/track
2024-01-30T12:33:26.193Z [online-job-service] error: Error while retrivig the email id list: TypeError [ERR_INVALID_CHAR]: Invalid character in header content ["Authorization"]
2024-01-30T12:33:26.195Z [online-job-service] error: Error while retrivig the email messages: TypeError: Cannot read properties of undefined (reading 'messages')
2024-01-30T12:33:26.196Z [online-job-service] error: Error while building job application details: TypeError: messageObjects is not iterable
2024-01-30T12:33:26.196Z [online-job-service] error: erroMessage is not defined
2024-01-30T12:36:00.720Z [online-job-service] info: Entering /api/job/track
2024-01-30T12:36:25.617Z [online-job-service] info: Entering /api/job/track
2024-01-30T12:36:26.211Z [online-job-service] info: Job applications saved successfully
2024-01-30T12:36:26.325Z [online-job-service] info: application retrived successfully
2024-01-30T12:37:15.601Z [online-job-service] info: Server running in development mode on port 4001
2024-01-30T12:37:16.528Z [online-job-service] info: Connected to MongoDB
2024-01-30T12:37:17.622Z [online-job-service] info: Entering /api/job/track
2024-01-30T12:37:18.099Z [online-job-service] info: Job applications saved successfully
2024-01-30T12:37:18.192Z [online-job-service] info: application retrived successfully
2024-01-30T12:37:48.031Z [online-job-service] info: Entering /api/job/track
2024-01-30T12:37:48.036Z [online-job-service] info: Entering /api/job/track
2024-01-30T12:38:33.725Z [online-job-service] info: Entering /api/job/track
2024-01-30T12:38:40.032Z [online-job-service] info: Entering /api/job/track
2024-01-30T12:38:40.035Z [online-job-service] info: Entering /api/job/track
2024-01-30T12:39:09.706Z [online-job-service] info: Entering /api/job/track
2024-01-30T12:39:18.228Z [online-job-service] info: Entering /api/job/track
2024-01-30T12:39:18.245Z [online-job-service] info: Entering /api/job/track
2024-01-30T12:50:30.370Z [online-job-service] error: uncaughtException: Cannot find module 'cors'
Require stack:
- /Users/adithjain/Documents/projects/sad-01-24-group-2-jobpilot/Backend/online-job-service/app.js
- /Users/adithjain/Documents/projects/sad-01-24-group-2-jobpilot/Backend/online-job-service/server.js
Error: Cannot find module 'cors'
Require stack:
- /Users/adithjain/Documents/projects/sad-01-24-group-2-jobpilot/Backend/online-job-service/app.js
- /Users/adithjain/Documents/projects/sad-01-24-group-2-jobpilot/Backend/online-job-service/server.js
    at Module._resolveFilename (node:internal/modules/cjs/loader:1144:15)
    at Module._load (node:internal/modules/cjs/loader:985:27)
    at Module.require (node:internal/modules/cjs/loader:1235:19)
    at require (node:internal/modules/helpers:176:18)
    at Object.<anonymous> (/Users/adithjain/Documents/projects/sad-01-24-group-2-jobpilot/Backend/online-job-service/app.js:8:14)
    at Module._compile (node:internal/modules/cjs/loader:1376:14)
    at Module._extensions..js (node:internal/modules/cjs/loader:1435:10)
    at Module.load (node:internal/modules/cjs/loader:1207:32)
    at Module._load (node:internal/modules/cjs/loader:1023:12)
    at Module.require (node:internal/modules/cjs/loader:1235:19)
2024-01-30T12:50:47.605Z [online-job-service] info: Server running in undefined mode on port undefined
2024-01-30T12:50:48.445Z [online-job-service] info: Connected to MongoDB
2024-01-30T12:51:30.840Z [online-job-service] info: Server running in development mode on port 4001
2024-01-30T12:51:31.600Z [online-job-service] info: Connected to MongoDB
2024-01-30T12:51:43.194Z [online-job-service] info: Entering /api/job/track
2024-01-30T12:51:43.266Z [online-job-service] info: Entering /api/job/track
2024-01-30T12:51:43.727Z [online-job-service] info: Job applications saved successfully
2024-01-30T12:51:43.845Z [online-job-service] info: application retrived successfully
2024-01-30T12:51:44.036Z [online-job-service] info: Job applications saved successfully
2024-01-30T12:51:44.124Z [online-job-service] info: application retrived successfully
2024-01-30T14:01:53.431Z [online-job-service] info: Entering /api/job/track
2024-01-30T14:01:54.563Z [online-job-service] error: Error while retrivig the email id list: AxiosError: Request failed with status code 401
2024-01-30T14:01:54.566Z [online-job-service] error: Error while retrivig the email messages: TypeError: Cannot read properties of undefined (reading 'messages')
2024-01-30T14:01:54.567Z [online-job-service] error: Error while building job application details: TypeError: messageObjects is not iterable
2024-01-30T14:01:54.568Z [online-job-service] error: erroMessage is not defined
2024-01-30T14:01:55.379Z [online-job-service] info: Entering /api/job/track
2024-01-30T14:01:55.649Z [online-job-service] error: Error while retrivig the email id list: AxiosError: Request failed with status code 401
2024-01-30T14:01:55.649Z [online-job-service] error: Error while retrivig the email messages: TypeError: Cannot read properties of undefined (reading 'messages')
2024-01-30T14:01:55.649Z [online-job-service] error: Error while building job application details: TypeError: messageObjects is not iterable
2024-01-30T14:01:55.649Z [online-job-service] error: erroMessage is not defined
2024-01-30T14:02:03.862Z [online-job-service] info: Entering /api/job/track
2024-01-30T14:02:03.875Z [online-job-service] info: Entering /api/job/track
2024-01-30T14:02:04.368Z [online-job-service] error: Error while retrivig the email id list: AxiosError: Request failed with status code 401
2024-01-30T14:02:04.369Z [online-job-service] error: Error while retrivig the email messages: TypeError: Cannot read properties of undefined (reading 'messages')
2024-01-30T14:02:04.370Z [online-job-service] error: Error while building job application details: TypeError: messageObjects is not iterable
2024-01-30T14:02:04.370Z [online-job-service] error: erroMessage is not defined
2024-01-30T14:02:04.582Z [online-job-service] error: Error while retrivig the email id list: AxiosError: Request failed with status code 401
2024-01-30T14:02:04.582Z [online-job-service] error: Error while retrivig the email messages: TypeError: Cannot read properties of undefined (reading 'messages')
2024-01-30T14:02:04.583Z [online-job-service] error: Error while building job application details: TypeError: messageObjects is not iterable
2024-01-30T14:02:04.583Z [online-job-service] error: erroMessage is not defined
2024-01-30T14:02:21.450Z [online-job-service] info: Server running in development mode on port 4001
2024-01-30T14:02:22.214Z [online-job-service] info: Connected to MongoDB
2024-01-30T14:04:35.986Z [online-job-service] info: Entering /api/job/track
2024-01-30T14:04:35.999Z [online-job-service] info: Entering /api/job/track
2024-01-30T14:04:36.462Z [online-job-service] info: Job applications saved successfully
2024-01-30T14:04:36.573Z [online-job-service] info: application retrived successfully
2024-01-30T14:04:36.713Z [online-job-service] info: Job applications saved successfully
2024-01-30T14:04:36.813Z [online-job-service] info: application retrived successfully
2024-01-30T14:06:27.573Z [online-job-service] info: Entering /api/job/track
2024-01-30T14:06:28.042Z [online-job-service] info: Job applications saved successfully
2024-01-30T14:06:28.153Z [online-job-service] info: application retrived successfully
2024-01-30T16:04:15.763Z [online-job-service] info: Entering /api/job/track
2024-01-30T16:04:15.775Z [online-job-service] info: Entering /api/job/track
2024-01-30T16:04:18.412Z [online-job-service] error: Error while retrivig the email id list: AxiosError: Request failed with status code 401
2024-01-30T16:04:18.413Z [online-job-service] error: Error while retrivig the email messages: TypeError: Cannot read properties of undefined (reading 'messages')
2024-01-30T16:04:18.413Z [online-job-service] error: Error while building job application details: TypeError: messageObjects is not iterable
2024-01-30T16:04:18.414Z [online-job-service] error: erroMessage is not defined
2024-01-30T16:04:18.415Z [online-job-service] error: Error while retrivig the email id list: AxiosError: Request failed with status code 401
2024-01-30T16:04:18.415Z [online-job-service] error: Error while retrivig the email messages: TypeError: Cannot read properties of undefined (reading 'messages')
2024-01-30T16:04:18.416Z [online-job-service] error: Error while building job application details: TypeError: messageObjects is not iterable
2024-01-30T16:04:18.416Z [online-job-service] error: erroMessage is not defined
