2024-02-01T11:12:32.502Z [online-job-service] info: Server running in development mode on port 4001
2024-02-01T11:12:33.280Z [online-job-service] info: Connected to MongoDB
2024-02-01T11:12:52.244Z [online-job-service] info: Entering /api/job/track
2024-02-01T11:12:52.250Z [online-job-service] info: Entering /api/job/track
2024-02-01T11:13:00.469Z [online-job-service] info: ai api completed 0
2024-02-01T11:13:04.343Z [online-job-service] info: ai api completed 0
2024-02-01T11:13:11.205Z [online-job-service] info: ai api completed 1
2024-02-01T11:13:19.317Z [online-job-service] info: ai api completed 2
2024-02-01T11:13:19.445Z [online-job-service] info: Job applications saved successfully
2024-02-01T11:13:19.607Z [online-job-service] info: application retrived successfully
2024-02-01T11:13:44.388Z [online-job-service] info: Entering /api/job/track
2024-02-01T11:13:44.395Z [online-job-service] info: Entering /api/job/track
2024-02-01T11:13:44.865Z [online-job-service] info: Job applications saved successfully
2024-02-01T11:13:44.871Z [online-job-service] info: Job applications saved successfully
2024-02-01T11:13:44.985Z [online-job-service] info: application retrived successfully
2024-02-01T11:13:44.991Z [online-job-service] info: application retrived successfully
2024-02-01T11:15:59.582Z [online-job-service] info: Entering /api/job/track
2024-02-01T11:15:59.994Z [online-job-service] info: Job applications saved successfully
2024-02-01T11:16:00.111Z [online-job-service] info: application retrived successfully
2024-02-01T11:19:39.914Z [online-job-service] info: Entering /api/job/track
2024-02-01T11:19:39.918Z [online-job-service] info: Entering /api/job/track
2024-02-01T11:19:40.611Z [online-job-service] info: Job applications saved successfully
2024-02-01T11:19:40.717Z [online-job-service] info: application retrived successfully
2024-02-01T11:19:40.788Z [online-job-service] info: Job applications saved successfully
2024-02-01T11:19:40.849Z [online-job-service] info: application retrived successfully
2024-02-01T11:20:30.834Z [online-job-service] info: Entering /api/job/track
2024-02-01T11:20:30.840Z [online-job-service] info: Entering /api/job/track
2024-02-01T11:20:31.278Z [online-job-service] info: Job applications saved successfully
2024-02-01T11:20:31.282Z [online-job-service] info: Job applications saved successfully
2024-02-01T11:20:31.400Z [online-job-service] info: application retrived successfully
2024-02-01T11:20:31.414Z [online-job-service] info: application retrived successfully
2024-02-01T11:56:07.652Z [online-job-service] info: Entering /api/job/track
2024-02-01T11:56:07.655Z [online-job-service] info: Entering /api/job/track
2024-02-01T11:56:08.623Z [online-job-service] info: Job applications saved successfully
2024-02-01T11:56:08.626Z [online-job-service] info: Job applications saved successfully
2024-02-01T11:56:08.750Z [online-job-service] info: application retrived successfully
2024-02-01T11:56:08.754Z [online-job-service] info: application retrived successfully
2024-02-01T11:56:12.337Z [online-job-service] info: Entering /api/job/track
2024-02-01T11:56:12.622Z [online-job-service] info: Job applications saved successfully
2024-02-01T11:56:12.729Z [online-job-service] info: application retrived successfully
2024-02-01T11:57:12.993Z [online-job-service] info: Entering /api/job/track
2024-02-01T11:57:12.994Z [online-job-service] info: Entering /api/job/track
2024-02-01T11:57:13.452Z [online-job-service] info: Job applications saved successfully
2024-02-01T11:57:13.457Z [online-job-service] info: Job applications saved successfully
2024-02-01T11:57:13.572Z [online-job-service] info: application retrived successfully
2024-02-01T11:57:13.581Z [online-job-service] info: application retrived successfully
2024-02-01T11:57:15.986Z [online-job-service] info: Entering /api/job/track
2024-02-01T11:57:16.282Z [online-job-service] info: Job applications saved successfully
2024-02-01T11:57:16.415Z [online-job-service] info: application retrived successfully
2024-02-01T11:58:16.929Z [online-job-service] info: Entering /api/job/track
2024-02-01T11:58:16.932Z [online-job-service] info: Entering /api/job/track
2024-02-01T11:58:17.389Z [online-job-service] info: Job applications saved successfully
2024-02-01T11:58:17.396Z [online-job-service] info: Job applications saved successfully
2024-02-01T11:58:17.490Z [online-job-service] info: application retrived successfully
2024-02-01T11:58:17.510Z [online-job-service] info: application retrived successfully
2024-02-01T11:58:18.539Z [online-job-service] info: Entering /api/job/track
2024-02-01T11:58:18.816Z [online-job-service] info: Job applications saved successfully
2024-02-01T11:58:18.933Z [online-job-service] info: application retrived successfully
2024-02-01T12:07:01.565Z [online-job-service] info: Server running in development mode on port 4001
2024-02-01T12:07:02.419Z [online-job-service] info: Connected to MongoDB
